<?xml version="1.0" encoding="UTF-8"?>
<!-- Generated by org.testng.reporters.JUnitXMLReporter -->
<testsuite hostname="DESKTOP-PNFG6ND" ignored="0" name="Test2" tests="5" failures="1" timestamp="2020-04-13T15:46:42 IST" time="5.462" errors="0">
  <testcase name="statusCodeTest" time="0.904" classname="com.tests.TC02_SingleEmployeeGetTest">
    <failure type="java.lang.AssertionError" message="expected [200] but found [404]">
      <![CDATA[java.lang.AssertionError: expected [200] but found [404]
at com.tests.TC02_SingleEmployeeGetTest.statusCodeTest(TC02_SingleEmployeeGetTest.java:15)
at java.util.ArrayList.forEach(ArrayList.java:1257)
... Removed 32 stack frames]]>
    </failure>
  </testcase> <!-- statusCodeTest -->
  <testcase name="responseTest" time="0.935" classname="com.tests.TC02_SingleEmployeeGetTest"/>
  <testcase name="statusLineTest" time="0.829" classname="com.tests.TC02_SingleEmployeeGetTest"/>
  <testcase name="contentTypeTest" time="0.815" classname="com.tests.TC02_SingleEmployeeGetTest"/>
  <testcase name="headersTest" time="1.469" classname="com.tests.TC02_SingleEmployeeGetTest"/>
</testsuite> <!-- Test2 -->
