<?xml version="1.0" encoding="UTF-8"?>
<!-- Generated by org.testng.reporters.JUnitXMLReporter -->
<testsuite hostname="DESKTOP-PNFG6ND" ignored="0" name="Test1" tests="7" failures="1" timestamp="2020-04-13T16:05:15 IST" time="10.624" errors="0">
  <testcase name="statusCodeTest" time="2.776" classname="com.tests.TC001_GetData_Deepalii"/>
  <testcase name="statusCodeTest2" time="0.97" classname="com.tests.TC001_GetData_Deepalii"/>
  <testcase name="statusCodeTest" time="1.068" classname="com.tests.TC01_AllEmpoyeesGetTest">
    <failure type="java.lang.AssertionError" message="expected [200] but found [404]">
      <![CDATA[java.lang.AssertionError: expected [200] but found [404]
at com.tests.TC01_AllEmpoyeesGetTest.statusCodeTest(TC01_AllEmpoyeesGetTest.java:13)
at java.util.ArrayList.forEach(ArrayList.java:1257)
at java.util.concurrent.FutureTask.run(FutureTask.java:266)
at java.util.concurrent.ThreadPoolExecutor.runWorker(ThreadPoolExecutor.java:1149)
at java.util.concurrent.ThreadPoolExecutor$Worker.run(ThreadPoolExecutor.java:624)
at java.lang.Thread.run(Thread.java:748)
... Removed 23 stack frames]]>
    </failure>
  </testcase> <!-- statusCodeTest -->
  <testcase name="responseTest" time="1.06" classname="com.tests.TC01_AllEmpoyeesGetTest"/>
  <testcase name="statusLineTest" time="0.968" classname="com.tests.TC01_AllEmpoyeesGetTest"/>
  <testcase name="contentTypeTest" time="0.896" classname="com.tests.TC01_AllEmpoyeesGetTest"/>
  <testcase name="headersTest" time="1.11" classname="com.tests.TC01_AllEmpoyeesGetTest"/>
</testsuite> <!-- Test1 -->
